Jul-03 15:11:57.539 [main] DEBUG nextflow.cli.Launcher - $> nextflow run main.nf -profile test,singularity,dgx_a100 --assets_dir /home/cdcadmin/neissflow/assets/ -resume
Jul-03 15:11:57.646 [main] DEBUG nextflow.cli.CmdRun - N E X T F L O W  ~  version 24.04.3
Jul-03 15:11:57.677 [main] DEBUG nextflow.plugin.PluginsFacade - Setting up plugin manager > mode=prod; embedded=false; plugins-dir=/home/cdcadmin/.nextflow/plugins; core-plugins: nf-amazon@2.5.2,nf-azure@1.6.0,nf-cloudcache@0.4.1,nf-codecommit@0.2.0,nf-console@1.1.3,nf-ga4gh@1.3.0,nf-google@1.13.2-patch1,nf-tower@1.9.1,nf-wave@1.4.2
Jul-03 15:11:57.690 [main] INFO  o.pf4j.DefaultPluginStatusProvider - Enabled plugins: []
Jul-03 15:11:57.694 [main] INFO  o.pf4j.DefaultPluginStatusProvider - Disabled plugins: []
Jul-03 15:11:57.697 [main] INFO  org.pf4j.DefaultPluginManager - PF4J version 3.10.0 in 'deployment' mode
Jul-03 15:11:57.711 [main] INFO  org.pf4j.AbstractPluginManager - No plugins
Jul-03 15:11:57.735 [main] DEBUG nextflow.config.ConfigBuilder - Found config local: /home/cdcadmin/neissflow/nextflow.config
Jul-03 15:11:57.737 [main] DEBUG nextflow.config.ConfigBuilder - Parsing config file: /home/cdcadmin/neissflow/nextflow.config
Jul-03 15:11:57.765 [main] DEBUG n.secret.LocalSecretsProvider - Secrets store: /home/cdcadmin/.nextflow/secrets/store.json
Jul-03 15:11:57.768 [main] DEBUG nextflow.secret.SecretsLoader - Discovered secrets providers: [nextflow.secret.LocalSecretsProvider@4d6f197e] - activable => nextflow.secret.LocalSecretsProvider@4d6f197e
Jul-03 15:11:57.782 [main] DEBUG nextflow.config.ConfigBuilder - Applying config profile: `test,singularity,dgx_a100`
Jul-03 15:11:58.878 [main] ERROR nextflow.cli.Launcher - Unable to parse config file: '/home/cdcadmin/neissflow/nextflow.config'

  Compile failed for sources FixedSetSources[name='/groovy/script/Script0DD9D79D2C6E589D38D8EB437D94C9EE']. Cause: org.codehaus.groovy.control.MultipleCompilationErrorsException: startup failed:
  /groovy/script/Script0DD9D79D2C6E589D38D8EB437D94C9EE: 17: Unexpected input: '{' @ line 17, column 5.
     env {
         ^
  
  1 error

ch.artecat.grengine.except.CompileException: Compile failed for sources FixedSetSources[name='/groovy/script/Script0DD9D79D2C6E589D38D8EB437D94C9EE']. Cause: org.codehaus.groovy.control.MultipleCompilationErrorsException: startup failed:
/groovy/script/Script0DD9D79D2C6E589D38D8EB437D94C9EE: 17: Unexpected input: '{' @ line 17, column 5.
   env {
       ^

1 error

	at ch.artecat.grengine.code.groovy.DefaultGroovyCompiler.compile(DefaultGroovyCompiler.java:260)
	at ch.artecat.grengine.load.DefaultTopCodeCache.getUpToDateCode(DefaultTopCodeCache.java:80)
	at ch.artecat.grengine.load.LayeredClassLoader.getTopLoader(LayeredClassLoader.java:251)
	at ch.artecat.grengine.load.LayeredClassLoader.loadMainClass(LayeredClassLoader.java:202)
	at ch.artecat.grengine.engine.LayeredEngine.loadMainClass(LayeredEngine.java:198)
	at ch.artecat.grengine.Grengine.loadMainClass(Grengine.java:679)
	at ch.artecat.grengine.BaseGrengine.load(BaseGrengine.java:538)
	at ch.artecat.grengine.BaseGrengine.load(BaseGrengine.java:387)
	at org.codehaus.groovy.vmplugin.v8.IndyInterface.selectMethod(IndyInterface.java:355)
	at org.codehaus.groovy.vmplugin.v8.IndyInterface.fromCache(IndyInterface.java:321)
	at nextflow.config.ConfigBase.includeConfig(ConfigBase.groovy:112)
	at java.base/jdk.internal.reflect.NativeMethodAccessorImpl.invoke0(Native Method)
	at java.base/jdk.internal.reflect.NativeMethodAccessorImpl.invoke(NativeMethodAccessorImpl.java:77)
	at java.base/jdk.internal.reflect.DelegatingMethodAccessorImpl.invoke(DelegatingMethodAccessorImpl.java:43)
	at java.base/java.lang.reflect.Method.invoke(Method.java:568)
	at org.codehaus.groovy.reflection.CachedMethod.invoke(CachedMethod.java:343)
	at groovy.lang.MetaMethod.doMethodInvoke(MetaMethod.java:328)
	at org.codehaus.groovy.runtime.metaclass.ClosureMetaClass.invokeMethod(ClosureMetaClass.java:342)
	at groovy.lang.MetaClassImpl.invokeMethod(MetaClassImpl.java:1007)
	at org.codehaus.groovy.runtime.InvokerHelper.invokePogoMethod(InvokerHelper.java:645)
	at org.codehaus.groovy.runtime.InvokerHelper.invokeMethod(InvokerHelper.java:628)
	at org.codehaus.groovy.runtime.metaclass.ClosureMetaClass.invokeOnDelegationObjects(ClosureMetaClass.java:391)
	at org.codehaus.groovy.runtime.metaclass.ClosureMetaClass.invokeMethod(ClosureMetaClass.java:328)
	at groovy.lang.MetaClassImpl.invokeMethod(MetaClassImpl.java:1007)
	at org.codehaus.groovy.vmplugin.v8.IndyInterface.fromCache(IndyInterface.java:321)
	at _nf_config_2a9da101$_run_closure8$_closure12.doCall(_nf_config_2a9da101:188)
	at _nf_config_2a9da101$_run_closure8$_closure12.doCall(_nf_config_2a9da101)
	at java.base/jdk.internal.reflect.NativeMethodAccessorImpl.invoke0(Native Method)
	at java.base/jdk.internal.reflect.NativeMethodAccessorImpl.invoke(NativeMethodAccessorImpl.java:77)
	at java.base/jdk.internal.reflect.DelegatingMethodAccessorImpl.invoke(DelegatingMethodAccessorImpl.java:43)
	at java.base/java.lang.reflect.Method.invoke(Method.java:568)
	at org.codehaus.groovy.reflection.CachedMethod.invoke(CachedMethod.java:343)
	at groovy.lang.MetaMethod.doMethodInvoke(MetaMethod.java:328)
	at org.codehaus.groovy.runtime.metaclass.ClosureMetaClass.invokeMethod(ClosureMetaClass.java:279)
	at groovy.lang.MetaClassImpl.invokeMethod(MetaClassImpl.java:1007)
	at org.codehaus.groovy.vmplugin.v8.IndyInterface.fromCache(IndyInterface.java:321)
	at nextflow.config.ConfigParser$_parse_closure5.doCall(ConfigParser.groovy:402)
	at jdk.internal.reflect.GeneratedMethodAccessor17.invoke(Unknown Source)
	at java.base/jdk.internal.reflect.DelegatingMethodAccessorImpl.invoke(DelegatingMethodAccessorImpl.java:43)
	at java.base/java.lang.reflect.Method.invoke(Method.java:568)
	at org.codehaus.groovy.reflection.CachedMethod.invoke(CachedMethod.java:343)
	at org.codehaus.groovy.runtime.metaclass.ClosureMetaMethod.invoke(ClosureMetaMethod.java:88)
	at groovy.lang.ExpandoMetaClass.invokeMethod(ExpandoMetaClass.java:1140)
	at groovy.lang.MetaClassImpl.invokeMethod(MetaClassImpl.java:1007)
	at groovy.lang.DelegatingMetaClass.invokeMethod(DelegatingMetaClass.java:165)
	at org.codehaus.groovy.runtime.InvokerHelper.invokePogoMethod(InvokerHelper.java:645)
	at org.codehaus.groovy.runtime.InvokerHelper.invokeMethod(InvokerHelper.java:628)
	at org.codehaus.groovy.runtime.metaclass.ClosureMetaClass.invokeOnDelegationObjects(ClosureMetaClass.java:391)
	at org.codehaus.groovy.runtime.metaclass.ClosureMetaClass.invokeMethod(ClosureMetaClass.java:328)
	at groovy.lang.MetaClassImpl.invokeMethod(MetaClassImpl.java:1007)
	at org.codehaus.groovy.vmplugin.v8.IndyInterface.fromCache(IndyInterface.java:321)
	at _nf_config_2a9da101$_run_closure8.doCall(_nf_config_2a9da101:187)
	at _nf_config_2a9da101$_run_closure8.doCall(_nf_config_2a9da101)
	at java.base/jdk.internal.reflect.NativeMethodAccessorImpl.invoke0(Native Method)
	at java.base/jdk.internal.reflect.NativeMethodAccessorImpl.invoke(NativeMethodAccessorImpl.java:77)
	at java.base/jdk.internal.reflect.DelegatingMethodAccessorImpl.invoke(DelegatingMethodAccessorImpl.java:43)
	at java.base/java.lang.reflect.Method.invoke(Method.java:568)
	at org.codehaus.groovy.reflection.CachedMethod.invoke(CachedMethod.java:343)
	at groovy.lang.MetaMethod.doMethodInvoke(MetaMethod.java:328)
	at org.codehaus.groovy.runtime.metaclass.ClosureMetaClass.invokeMethod(ClosureMetaClass.java:279)
	at groovy.lang.MetaClassImpl.invokeMethod(MetaClassImpl.java:1007)
	at org.codehaus.groovy.vmplugin.v8.IndyInterface.fromCache(IndyInterface.java:321)
	at nextflow.config.ConfigParser$_parse_closure5.doCall(ConfigParser.groovy:378)
	at jdk.internal.reflect.GeneratedMethodAccessor17.invoke(Unknown Source)
	at java.base/jdk.internal.reflect.DelegatingMethodAccessorImpl.invoke(DelegatingMethodAccessorImpl.java:43)
	at java.base/java.lang.reflect.Method.invoke(Method.java:568)
	at org.codehaus.groovy.reflection.CachedMethod.invoke(CachedMethod.java:343)
	at org.codehaus.groovy.runtime.metaclass.ClosureMetaMethod.invoke(ClosureMetaMethod.java:88)
	at groovy.lang.ExpandoMetaClass.invokeMethod(ExpandoMetaClass.java:1140)
	at groovy.lang.MetaClassImpl.invokeMethod(MetaClassImpl.java:1007)
	at groovy.lang.DelegatingMetaClass.invokeMethod(DelegatingMetaClass.java:165)
	at org.codehaus.groovy.vmplugin.v8.IndyInterface.fromCache(IndyInterface.java:321)
	at _nf_config_2a9da101.run(_nf_config_2a9da101:150)
	at java.base/jdk.internal.reflect.NativeMethodAccessorImpl.invoke0(Native Method)
	at java.base/jdk.internal.reflect.NativeMethodAccessorImpl.invoke(NativeMethodAccessorImpl.java:77)
	at java.base/jdk.internal.reflect.DelegatingMethodAccessorImpl.invoke(DelegatingMethodAccessorImpl.java:43)
	at java.base/java.lang.reflect.Method.invoke(Method.java:568)
	at org.codehaus.groovy.reflection.CachedMethod.invoke(CachedMethod.java:343)
	at org.codehaus.groovy.vmplugin.v8.IndyInterface.fromCache(IndyInterface.java:321)
	at nextflow.config.ConfigParser$_parse_closure5.doCall(ConfigParser.groovy:457)
	at java.base/jdk.internal.reflect.NativeMethodAccessorImpl.invoke0(Native Method)
	at java.base/jdk.internal.reflect.NativeMethodAccessorImpl.invoke(NativeMethodAccessorImpl.java:77)
	at java.base/jdk.internal.reflect.DelegatingMethodAccessorImpl.invoke(DelegatingMethodAccessorImpl.java:43)
	at java.base/java.lang.reflect.Method.invoke(Method.java:568)
	at org.codehaus.groovy.reflection.CachedMethod.invoke(CachedMethod.java:343)
	at org.codehaus.groovy.runtime.metaclass.ClosureMetaMethod.invoke(ClosureMetaMethod.java:88)
	at groovy.lang.ExpandoMetaClass.invokeMethod(ExpandoMetaClass.java:1140)
	at groovy.lang.MetaClassImpl.invokeMethod(MetaClassImpl.java:1007)
	at groovy.lang.DelegatingMetaClass.invokeMethod(DelegatingMetaClass.java:165)
	at org.codehaus.groovy.vmplugin.v8.IndyInterface.fromCache(IndyInterface.java:321)
	at nextflow.config.ConfigParser.parse(ConfigParser.groovy:486)
	at org.codehaus.groovy.vmplugin.v8.IndyInterface.fromCache(IndyInterface.java:321)
	at nextflow.config.ConfigParser.parse(ConfigParser.groovy:312)
	at org.codehaus.groovy.vmplugin.v8.IndyInterface.fromCache(IndyInterface.java:321)
	at nextflow.config.ConfigBuilder.parse0(ConfigBuilder.groovy:439)
	at org.codehaus.groovy.vmplugin.v8.IndyInterface.fromCache(IndyInterface.java:321)
	at nextflow.config.ConfigBuilder.merge0(ConfigBuilder.groovy:425)
	at org.codehaus.groovy.vmplugin.v8.IndyInterface.fromCache(IndyInterface.java:321)
	at nextflow.config.ConfigBuilder.buildConfig0(ConfigBuilder.groovy:375)
	at org.codehaus.groovy.vmplugin.v8.IndyInterface.fromCache(IndyInterface.java:321)
	at nextflow.config.ConfigBuilder.buildGivenFiles(ConfigBuilder.groovy:320)
	at org.codehaus.groovy.vmplugin.v8.IndyInterface.fromCache(IndyInterface.java:321)
	at nextflow.config.ConfigBuilder.buildConfigObject(ConfigBuilder.groovy:814)
	at org.codehaus.groovy.vmplugin.v8.IndyInterface.fromCache(IndyInterface.java:321)
	at nextflow.config.ConfigBuilder.build(ConfigBuilder.groovy:827)
	at nextflow.cli.CmdRun.run(CmdRun.groovy:328)
	at nextflow.cli.Launcher.run(Launcher.groovy:503)
	at nextflow.cli.Launcher.main(Launcher.groovy:657)
Caused by: org.codehaus.groovy.control.MultipleCompilationErrorsException: startup failed:
/groovy/script/Script0DD9D79D2C6E589D38D8EB437D94C9EE: 17: Unexpected input: '{' @ line 17, column 5.
   env {
       ^

1 error

	at org.codehaus.groovy.control.ErrorCollector.failIfErrors(ErrorCollector.java:292)
	at org.codehaus.groovy.control.ErrorCollector.addFatalError(ErrorCollector.java:148)
	at org.apache.groovy.parser.antlr4.AstBuilder.collectSyntaxError(AstBuilder.java:4753)
	at org.apache.groovy.parser.antlr4.AstBuilder.access$100(AstBuilder.java:169)
	at org.apache.groovy.parser.antlr4.AstBuilder$3.syntaxError(AstBuilder.java:4764)
	at groovyjarjarantlr4.v4.runtime.ProxyErrorListener.syntaxError(ProxyErrorListener.java:44)
	at groovyjarjarantlr4.v4.runtime.Parser.notifyErrorListeners(Parser.java:543)
	at groovyjarjarantlr4.v4.runtime.DefaultErrorStrategy.notifyErrorListeners(DefaultErrorStrategy.java:154)
	at org.apache.groovy.parser.antlr4.internal.DescriptiveErrorStrategy.reportInputMismatch(DescriptiveErrorStrategy.java:104)
	at org.apache.groovy.parser.antlr4.internal.DescriptiveErrorStrategy.recover(DescriptiveErrorStrategy.java:55)
	at org.apache.groovy.parser.antlr4.internal.DescriptiveErrorStrategy.recoverInline(DescriptiveErrorStrategy.java:68)
	at groovyjarjarantlr4.v4.runtime.Parser.match(Parser.java:213)
	at org.apache.groovy.parser.antlr4.GroovyParser.compilationUnit(GroovyParser.java:368)
	at org.apache.groovy.parser.antlr4.AstBuilder.buildCST(AstBuilder.java:243)
	at org.apache.groovy.parser.antlr4.AstBuilder.buildCST(AstBuilder.java:221)
	at org.apache.groovy.parser.antlr4.AstBuilder.buildAST(AstBuilder.java:262)
	at org.apache.groovy.parser.antlr4.Antlr4ParserPlugin.buildAST(Antlr4ParserPlugin.java:58)
	at org.codehaus.groovy.control.SourceUnit.buildAST(SourceUnit.java:256)
	at java.base/java.util.Iterator.forEachRemaining(Iterator.java:133)
	at java.base/java.util.Spliterators$IteratorSpliterator.forEachRemaining(Spliterators.java:1845)
	at java.base/java.util.stream.ReferencePipeline$Head.forEach(ReferencePipeline.java:762)
	at org.codehaus.groovy.control.CompilationUnit.compile(CompilationUnit.java:663)
	at ch.artecat.grengine.code.groovy.DefaultGroovyCompiler.compile(DefaultGroovyCompiler.java:229)
	... 107 common frames omitted
