Nov-28 14:10:07.236 [main] DEBUG nextflow.cli.Launcher - $> nextflow run main.nf --with-docker
Nov-28 14:10:07.313 [main] DEBUG nextflow.cli.CmdRun - N E X T F L O W  ~  version 24.10.1
Nov-28 14:10:07.332 [main] DEBUG nextflow.plugin.PluginsFacade - Setting up plugin manager > mode=prod; embedded=false; plugins-dir=/home/zlata/.nextflow/plugins; core-plugins: nf-amazon@2.9.1,nf-azure@1.10.2,nf-cloudcache@0.4.2,nf-codecommit@0.2.2,nf-console@1.1.4,nf-google@1.15.2,nf-tower@1.9.3,nf-wave@1.7.3
Nov-28 14:10:07.345 [main] INFO  o.pf4j.DefaultPluginStatusProvider - Enabled plugins: []
Nov-28 14:10:07.346 [main] INFO  o.pf4j.DefaultPluginStatusProvider - Disabled plugins: []
Nov-28 14:10:07.349 [main] INFO  org.pf4j.DefaultPluginManager - PF4J version 3.12.0 in 'deployment' mode
Nov-28 14:10:07.359 [main] INFO  org.pf4j.AbstractPluginManager - No plugins
Nov-28 14:10:07.378 [main] DEBUG nextflow.config.ConfigBuilder - Found config local: /home/zlata/DD_2024_private/hw4/nextflow.config
Nov-28 14:10:07.381 [main] DEBUG nextflow.config.ConfigBuilder - Parsing config file: /home/zlata/DD_2024_private/hw4/nextflow.config
Nov-28 14:10:07.403 [main] DEBUG n.secret.LocalSecretsProvider - Secrets store: /home/zlata/.nextflow/secrets/store.json
Nov-28 14:10:07.406 [main] DEBUG nextflow.secret.SecretsLoader - Discovered secrets providers: [nextflow.secret.LocalSecretsProvider@2a389173] - activable => nextflow.secret.LocalSecretsProvider@2a389173
Nov-28 14:10:07.417 [main] DEBUG nextflow.config.ConfigBuilder - Applying config profile: `standard`
Nov-28 14:10:07.824 [main] DEBUG nextflow.cli.CmdRun - Applied DSL=2 from script declaration
Nov-28 14:10:07.837 [main] DEBUG nextflow.cli.CmdRun - Launching `main.nf` [ecstatic_lattes] DSL2 - revision: 827037ccab
Nov-28 14:10:07.838 [main] DEBUG nextflow.plugin.PluginsFacade - Plugins default=[]
Nov-28 14:10:07.839 [main] DEBUG nextflow.plugin.PluginsFacade - Plugins resolved requirement=[]
Nov-28 14:10:07.890 [main] DEBUG nextflow.Session - Session UUID: b2ee9b5a-bd36-4bed-a028-c525c221399f
Nov-28 14:10:07.890 [main] DEBUG nextflow.Session - Run name: ecstatic_lattes
Nov-28 14:10:07.890 [main] DEBUG nextflow.Session - Executor pool size: 12
Nov-28 14:10:07.898 [main] DEBUG nextflow.file.FilePorter - File porter settings maxRetries=3; maxTransfers=50; pollTimeout=null
Nov-28 14:10:07.905 [main] DEBUG nextflow.util.ThreadPoolBuilder - Creating thread pool 'FileTransfer' minSize=10; maxSize=36; workQueue=LinkedBlockingQueue[10000]; allowCoreThreadTimeout=false
Nov-28 14:10:07.928 [main] DEBUG nextflow.cli.CmdRun - 
  Version: 24.10.1 build 5930
  Created: 18-11-2024 12:21 UTC (15:21 MSD)
  System: Linux 5.15.167.4-microsoft-standard-WSL2
  Runtime: Groovy 4.0.23 on OpenJDK 64-Bit Server VM 11.0.9.1-internal+0-adhoc..src
  Encoding: UTF-8 (UTF-8)
  Process: 6675@ZlataPC [127.0.1.1]
  CPUs: 12 - Mem: 7.7 GB (3.9 GB) - Swap: 2 GB (2 GB)
Nov-28 14:10:07.948 [main] DEBUG nextflow.Session - Work-dir: /home/zlata/DD_2024_private/hw4/work [ext2/ext3]
Nov-28 14:10:07.949 [main] DEBUG nextflow.Session - Script base path does not exist or is not a directory: /home/zlata/DD_2024_private/hw4/bin
Nov-28 14:10:07.957 [main] DEBUG nextflow.executor.ExecutorFactory - Extension executors providers=[]
Nov-28 14:10:07.966 [main] DEBUG nextflow.Session - Observer factory: DefaultObserverFactory
Nov-28 14:10:07.989 [main] DEBUG nextflow.cache.CacheFactory - Using Nextflow cache factory: nextflow.cache.DefaultCacheFactory
Nov-28 14:10:07.998 [main] DEBUG nextflow.util.CustomThreadPool - Creating default thread pool > poolSize: 13; maxThreads: 1000
Nov-28 14:10:08.079 [main] DEBUG nextflow.Session - Session start
Nov-28 14:10:08.582 [main] DEBUG nextflow.script.ScriptRunner - > Launching execution
Nov-28 14:10:08.764 [main] DEBUG nextflow.script.ProcessConfig - Config settings `withName:fastqc` matches process fastqc
Nov-28 14:10:08.776 [main] DEBUG nextflow.executor.ExecutorFactory - << taskConfig executor: null
Nov-28 14:10:08.777 [main] DEBUG nextflow.executor.ExecutorFactory - >> processorType: 'local'
Nov-28 14:10:08.782 [main] DEBUG nextflow.executor.Executor - [warm up] executor > local
Nov-28 14:10:08.788 [main] DEBUG n.processor.LocalPollingMonitor - Creating local task monitor for executor 'local' > cpus=12; memory=7.7 GB; capacity=12; pollInterval=100ms; dumpInterval=5m
Nov-28 14:10:08.790 [main] DEBUG n.processor.TaskPollingMonitor - >>> barrier register (monitor: local)
Nov-28 14:10:08.849 [main] DEBUG nextflow.script.ProcessConfig - Config settings `withName:spades` matches process spades
Nov-28 14:10:08.851 [main] DEBUG nextflow.executor.ExecutorFactory - << taskConfig executor: null
Nov-28 14:10:08.851 [main] DEBUG nextflow.executor.ExecutorFactory - >> processorType: 'local'
Nov-28 14:10:08.869 [main] DEBUG nextflow.script.ProcessConfig - Config settings `withName:quast` matches process quast
Nov-28 14:10:08.871 [main] DEBUG nextflow.executor.ExecutorFactory - << taskConfig executor: null
Nov-28 14:10:08.871 [main] DEBUG nextflow.executor.ExecutorFactory - >> processorType: 'local'
Nov-28 14:10:08.878 [main] DEBUG nextflow.script.ProcessConfig - Config settings `withName:prokka` matches process prokka
Nov-28 14:10:08.880 [main] DEBUG nextflow.executor.ExecutorFactory - << taskConfig executor: null
Nov-28 14:10:08.880 [main] DEBUG nextflow.executor.ExecutorFactory - >> processorType: 'local'
Nov-28 14:10:08.888 [main] DEBUG nextflow.script.ProcessConfig - Config settings `withName:abricate` matches process abricate
Nov-28 14:10:08.891 [main] DEBUG nextflow.executor.ExecutorFactory - << taskConfig executor: null
Nov-28 14:10:08.892 [main] DEBUG nextflow.executor.ExecutorFactory - >> processorType: 'local'
Nov-28 14:10:08.899 [main] DEBUG nextflow.Session - Workflow process names [dsl2]: quast, abricate, fastqc, spades, prokka
Nov-28 14:10:08.902 [main] DEBUG nextflow.Session - Igniting dataflow network (6)
Nov-28 14:10:08.910 [main] DEBUG nextflow.processor.TaskProcessor - Starting process > fastqc
Nov-28 14:10:08.911 [main] DEBUG nextflow.processor.TaskProcessor - Starting process > spades
Nov-28 14:10:08.912 [main] DEBUG nextflow.processor.TaskProcessor - Starting process > quast
Nov-28 14:10:08.914 [main] DEBUG nextflow.processor.TaskProcessor - Starting process > prokka
Nov-28 14:10:08.917 [main] DEBUG nextflow.processor.TaskProcessor - Starting process > abricate
Nov-28 14:10:08.920 [main] DEBUG nextflow.script.ScriptRunner - Parsed script files:
  Script_d3af5c567209e772: /home/zlata/DD_2024_private/hw4/main.nf
Nov-28 14:10:08.920 [main] DEBUG nextflow.script.ScriptRunner - > Awaiting termination 
Nov-28 14:10:08.921 [main] DEBUG nextflow.Session - Session await
Nov-28 14:10:09.149 [Task submitter] DEBUG n.executor.local.LocalTaskHandler - Launch cmd line: /bin/bash -ue .command.run
Nov-28 14:10:09.152 [Task submitter] INFO  nextflow.Session - [b7/6e2ef6] Submitted process > spades (1)
Nov-28 14:10:09.161 [Task submitter] DEBUG n.executor.local.LocalTaskHandler - Launch cmd line: /bin/bash -ue .command.run
Nov-28 14:10:09.162 [Task submitter] INFO  nextflow.Session - [08/d14fe3] Submitted process > fastqc (1)
Nov-28 14:10:17.371 [Task monitor] DEBUG n.processor.TaskPollingMonitor - Task completed > TaskHandler[id: 2; name: fastqc (1); status: COMPLETED; exit: 0; error: -; workDir: /home/zlata/DD_2024_private/hw4/work/08/d14fe3ad3f4cef8a94f34f71d1f02d]
Nov-28 14:10:17.372 [Task monitor] DEBUG nextflow.util.ThreadPoolBuilder - Creating thread pool 'TaskFinalizer' minSize=10; maxSize=36; workQueue=LinkedBlockingQueue[10000]; allowCoreThreadTimeout=false
Nov-28 14:10:17.446 [TaskFinalizer-1] DEBUG nextflow.util.ThreadPoolBuilder - Creating thread pool 'PublishDir' minSize=10; maxSize=36; workQueue=LinkedBlockingQueue[10000]; allowCoreThreadTimeout=false
Nov-28 14:11:14.462 [Task monitor] DEBUG n.processor.TaskPollingMonitor - Task completed > TaskHandler[id: 1; name: spades (1); status: COMPLETED; exit: 0; error: -; workDir: /home/zlata/DD_2024_private/hw4/work/b7/6e2ef6a4b196db7665dee2a60b5e4d]
Nov-28 14:11:14.485 [Task submitter] DEBUG n.executor.local.LocalTaskHandler - Launch cmd line: /bin/bash -ue .command.run
Nov-28 14:11:14.486 [Task submitter] INFO  nextflow.Session - [4b/ce0c11] Submitted process > quast (1)
Nov-28 14:11:14.492 [Task submitter] DEBUG n.executor.local.LocalTaskHandler - Launch cmd line: /bin/bash -ue .command.run
Nov-28 14:11:14.493 [Task submitter] INFO  nextflow.Session - [cf/1a3303] Submitted process > prokka (1)
Nov-28 14:11:14.502 [Task submitter] DEBUG n.executor.local.LocalTaskHandler - Launch cmd line: /bin/bash -ue .command.run
Nov-28 14:11:14.504 [Task submitter] INFO  nextflow.Session - [07/468a4a] Submitted process > abricate (1)
Nov-28 14:11:16.170 [Task monitor] DEBUG n.processor.TaskPollingMonitor - Task completed > TaskHandler[id: 4; name: abricate (1); status: COMPLETED; exit: 0; error: -; workDir: /home/zlata/DD_2024_private/hw4/work/07/468a4aa59777f728ada8e9fdf5b32f]
Nov-28 14:11:18.265 [Task monitor] DEBUG n.processor.TaskPollingMonitor - Task completed > TaskHandler[id: 5; name: quast (1); status: COMPLETED; exit: 0; error: -; workDir: /home/zlata/DD_2024_private/hw4/work/4b/ce0c11e1e434b34a6792f4c9338ad3]
Nov-28 14:11:18.396 [Task monitor] DEBUG n.processor.TaskPollingMonitor - Task completed > TaskHandler[id: 3; name: prokka (1); status: COMPLETED; exit: 0; error: -; workDir: /home/zlata/DD_2024_private/hw4/work/cf/1a330355e08ba423b8d613cfbcc3f1]
Nov-28 14:11:18.400 [main] DEBUG nextflow.Session - Session await > all processes finished
Nov-28 14:11:18.496 [Task monitor] DEBUG n.processor.TaskPollingMonitor - <<< barrier arrives (monitor: local) - terminating tasks monitor poll loop
Nov-28 14:11:18.497 [main] DEBUG nextflow.Session - Session await > all barriers passed
Nov-28 14:11:18.499 [main] DEBUG nextflow.util.ThreadPoolManager - Thread pool 'TaskFinalizer' shutdown completed (hard=false)
Nov-28 14:11:18.500 [main] DEBUG nextflow.util.ThreadPoolManager - Thread pool 'PublishDir' shutdown completed (hard=false)
Nov-28 14:11:18.504 [main] DEBUG n.trace.WorkflowStatsObserver - Workflow completed > WorkflowStats[succeededCount=5; failedCount=0; ignoredCount=0; cachedCount=0; pendingCount=0; submittedCount=0; runningCount=0; retriesCount=0; abortedCount=0; succeedDuration=1m 23s; failedDuration=0ms; cachedDuration=0ms;loadCpus=0; loadMemory=0; peakRunning=3; peakCpus=3; peakMemory=0; ]
Nov-28 14:11:18.610 [main] DEBUG nextflow.cache.CacheDB - Closing CacheDB done
Nov-28 14:11:18.622 [main] DEBUG nextflow.util.ThreadPoolManager - Thread pool 'FileTransfer' shutdown completed (hard=false)
Nov-28 14:11:18.622 [main] DEBUG nextflow.script.ScriptRunner - > Execution complete -- Goodbye
